CRITICAL - 2022-03-10 12:12:24 --> Call to undefined method App\Models\ProveedorModel::getAll
#0 /home/david/codeigniter-projects/CRUD01/app/Controllers/ProveedorController.php(12): CodeIgniter\Model->__call()
#1 /home/david/codeigniter-projects/CRUD01/system/CodeIgniter.php(832): App\Controllers\ProveedorController->listar()
#2 /home/david/codeigniter-projects/CRUD01/system/CodeIgniter.php(419): CodeIgniter\CodeIgniter->runController()
#3 /home/david/codeigniter-projects/CRUD01/system/CodeIgniter.php(326): CodeIgniter\CodeIgniter->handleRequest()
#4 /home/david/codeigniter-projects/CRUD01/public/index.php(37): CodeIgniter\CodeIgniter->run()
#5 /home/david/codeigniter-projects/CRUD01/system/Commands/Server/rewrite.php(43): require_once('/home/david/cod...')
#6 {main}
CRITICAL - 2022-03-10 12:13:54 --> syntax error, unexpected 'foreach' (T_FOREACH)
#0 /home/david/codeigniter-projects/CRUD01/system/View/View.php(213): CodeIgniter\View\View->CodeIgniter\View\{closure}()
#1 /home/david/codeigniter-projects/CRUD01/system/Common.php(1089): CodeIgniter\View\View->render()
#2 /home/david/codeigniter-projects/CRUD01/app/Controllers/ProveedorController.php(13): view()
#3 /home/david/codeigniter-projects/CRUD01/system/CodeIgniter.php(832): App\Controllers\ProveedorController->listar()
#4 /home/david/codeigniter-projects/CRUD01/system/CodeIgniter.php(419): CodeIgniter\CodeIgniter->runController()
#5 /home/david/codeigniter-projects/CRUD01/system/CodeIgniter.php(326): CodeIgniter\CodeIgniter->handleRequest()
#6 /home/david/codeigniter-projects/CRUD01/public/index.php(37): CodeIgniter\CodeIgniter->run()
#7 /home/david/codeigniter-projects/CRUD01/system/Commands/Server/rewrite.php(43): require_once('/home/david/cod...')
#8 {main}
CRITICAL - 2022-03-10 12:14:28 --> syntax error, unexpected 'foreach' (T_FOREACH)
#0 /home/david/codeigniter-projects/CRUD01/system/View/View.php(213): CodeIgniter\View\View->CodeIgniter\View\{closure}()
#1 /home/david/codeigniter-projects/CRUD01/system/Common.php(1089): CodeIgniter\View\View->render()
#2 /home/david/codeigniter-projects/CRUD01/app/Controllers/ProveedorController.php(13): view()
#3 /home/david/codeigniter-projects/CRUD01/system/CodeIgniter.php(832): App\Controllers\ProveedorController->listar()
#4 /home/david/codeigniter-projects/CRUD01/system/CodeIgniter.php(419): CodeIgniter\CodeIgniter->runController()
#5 /home/david/codeigniter-projects/CRUD01/system/CodeIgniter.php(326): CodeIgniter\CodeIgniter->handleRequest()
#6 /home/david/codeigniter-projects/CRUD01/public/index.php(37): CodeIgniter\CodeIgniter->run()
#7 /home/david/codeigniter-projects/CRUD01/system/Commands/Server/rewrite.php(43): require_once('/home/david/cod...')
#8 {main}
CRITICAL - 2022-03-10 12:14:38 --> syntax error, unexpected 'foreach' (T_FOREACH)
#0 /home/david/codeigniter-projects/CRUD01/system/View/View.php(213): CodeIgniter\View\View->CodeIgniter\View\{closure}()
#1 /home/david/codeigniter-projects/CRUD01/system/Common.php(1089): CodeIgniter\View\View->render()
#2 /home/david/codeigniter-projects/CRUD01/app/Controllers/ProveedorController.php(13): view()
#3 /home/david/codeigniter-projects/CRUD01/system/CodeIgniter.php(832): App\Controllers\ProveedorController->listar()
#4 /home/david/codeigniter-projects/CRUD01/system/CodeIgniter.php(419): CodeIgniter\CodeIgniter->runController()
#5 /home/david/codeigniter-projects/CRUD01/system/CodeIgniter.php(326): CodeIgniter\CodeIgniter->handleRequest()
#6 /home/david/codeigniter-projects/CRUD01/public/index.php(37): CodeIgniter\CodeIgniter->run()
#7 /home/david/codeigniter-projects/CRUD01/system/Commands/Server/rewrite.php(43): require_once('/home/david/cod...')
#8 {main}
CRITICAL - 2022-03-10 12:27:17 --> syntax error, unexpected '}', expecting end of file
#0 /home/david/codeigniter-projects/CRUD01/system/Autoloader/Autoloader.php(241): CodeIgniter\Autoloader\Autoloader->includeFile()
#1 /home/david/codeigniter-projects/CRUD01/system/Autoloader/Autoloader.php(219): CodeIgniter\Autoloader\Autoloader->loadInNamespace()
#2 [internal function]: CodeIgniter\Autoloader\Autoloader->loadClass()
#3 [internal function]: spl_autoload_call()
#4 /home/david/codeigniter-projects/CRUD01/system/CodeIgniter.php(797): class_exists()
#5 /home/david/codeigniter-projects/CRUD01/system/CodeIgniter.php(406): CodeIgniter\CodeIgniter->startController()
#6 /home/david/codeigniter-projects/CRUD01/system/CodeIgniter.php(326): CodeIgniter\CodeIgniter->handleRequest()
#7 /home/david/codeigniter-projects/CRUD01/public/index.php(37): CodeIgniter\CodeIgniter->run()
#8 /home/david/codeigniter-projects/CRUD01/system/Commands/Server/rewrite.php(43): require_once('/home/david/cod...')
#9 {main}
CRITICAL - 2022-03-10 12:35:31 --> Undefined variable: pager
#0 /home/david/codeigniter-projects/CRUD01/app/Views/proveedor/listar.php(70): CodeIgniter\Debug\Exceptions->errorHandler()
#1 /home/david/codeigniter-projects/CRUD01/system/View/View.php(210): include('/home/david/cod...')
#2 /home/david/codeigniter-projects/CRUD01/system/View/View.php(213): CodeIgniter\View\View->CodeIgniter\View\{closure}()
#3 /home/david/codeigniter-projects/CRUD01/system/Common.php(1089): CodeIgniter\View\View->render()
#4 /home/david/codeigniter-projects/CRUD01/app/Controllers/ProveedorController.php(13): view()
#5 /home/david/codeigniter-projects/CRUD01/system/CodeIgniter.php(832): App\Controllers\ProveedorController->listar()
#6 /home/david/codeigniter-projects/CRUD01/system/CodeIgniter.php(419): CodeIgniter\CodeIgniter->runController()
#7 /home/david/codeigniter-projects/CRUD01/system/CodeIgniter.php(326): CodeIgniter\CodeIgniter->handleRequest()
#8 /home/david/codeigniter-projects/CRUD01/public/index.php(37): CodeIgniter\CodeIgniter->run()
#9 /home/david/codeigniter-projects/CRUD01/system/Commands/Server/rewrite.php(43): require_once('/home/david/cod...')
#10 {main}
CRITICAL - 2022-03-10 12:37:56 --> Undefined variable: pager
#0 /home/david/codeigniter-projects/CRUD01/app/Views/proveedor/listar.php(70): CodeIgniter\Debug\Exceptions->errorHandler()
#1 /home/david/codeigniter-projects/CRUD01/system/View/View.php(210): include('/home/david/cod...')
#2 /home/david/codeigniter-projects/CRUD01/system/View/View.php(213): CodeIgniter\View\View->CodeIgniter\View\{closure}()
#3 /home/david/codeigniter-projects/CRUD01/system/Common.php(1089): CodeIgniter\View\View->render()
#4 /home/david/codeigniter-projects/CRUD01/app/Controllers/ProveedorController.php(13): view()
#5 /home/david/codeigniter-projects/CRUD01/system/CodeIgniter.php(832): App\Controllers\ProveedorController->listar()
#6 /home/david/codeigniter-projects/CRUD01/system/CodeIgniter.php(419): CodeIgniter\CodeIgniter->runController()
#7 /home/david/codeigniter-projects/CRUD01/system/CodeIgniter.php(326): CodeIgniter\CodeIgniter->handleRequest()
#8 /home/david/codeigniter-projects/CRUD01/public/index.php(37): CodeIgniter\CodeIgniter->run()
#9 /home/david/codeigniter-projects/CRUD01/system/Commands/Server/rewrite.php(43): require_once('/home/david/cod...')
#10 {main}
CRITICAL - 2022-03-10 12:39:41 --> Invalid file: Views\layout\paginador.php
#0 /home/david/codeigniter-projects/CRUD01/system/View/View.php(198): CodeIgniter\Exceptions\FrameworkException::forInvalidFile()
#1 /home/david/codeigniter-projects/CRUD01/system/Pager/Pager.php(125): CodeIgniter\View\View->render()
#2 /home/david/codeigniter-projects/CRUD01/system/Pager/Pager.php(83): CodeIgniter\Pager\Pager->displayLinks()
#3 /home/david/codeigniter-projects/CRUD01/app/Views/proveedor/listar.php(70): CodeIgniter\Pager\Pager->links()
#4 /home/david/codeigniter-projects/CRUD01/system/View/View.php(210): include('/home/david/cod...')
#5 /home/david/codeigniter-projects/CRUD01/system/View/View.php(213): CodeIgniter\View\View->CodeIgniter\View\{closure}()
#6 /home/david/codeigniter-projects/CRUD01/system/Common.php(1089): CodeIgniter\View\View->render()
#7 /home/david/codeigniter-projects/CRUD01/app/Controllers/ProveedorController.php(13): view()
#8 /home/david/codeigniter-projects/CRUD01/system/CodeIgniter.php(832): App\Controllers\ProveedorController->listar()
#9 /home/david/codeigniter-projects/CRUD01/system/CodeIgniter.php(419): CodeIgniter\CodeIgniter->runController()
#10 /home/david/codeigniter-projects/CRUD01/system/CodeIgniter.php(326): CodeIgniter\CodeIgniter->handleRequest()
#11 /home/david/codeigniter-projects/CRUD01/public/index.php(37): CodeIgniter\CodeIgniter->run()
#12 /home/david/codeigniter-projects/CRUD01/system/Commands/Server/rewrite.php(43): require_once('/home/david/cod...')
#13 {main}
CRITICAL - 2022-03-10 12:59:53 --> syntax error, unexpected '=', expecting ']'
#0 /home/david/codeigniter-projects/CRUD01/system/Autoloader/Autoloader.php(241): CodeIgniter\Autoloader\Autoloader->includeFile()
#1 /home/david/codeigniter-projects/CRUD01/system/Autoloader/Autoloader.php(219): CodeIgniter\Autoloader\Autoloader->loadInNamespace()
#2 [internal function]: CodeIgniter\Autoloader\Autoloader->loadClass()
#3 /home/david/codeigniter-projects/CRUD01/app/Controllers/ProveedorController.php(11): spl_autoload_call()
#4 /home/david/codeigniter-projects/CRUD01/system/CodeIgniter.php(832): App\Controllers\ProveedorController->listar()
#5 /home/david/codeigniter-projects/CRUD01/system/CodeIgniter.php(419): CodeIgniter\CodeIgniter->runController()
#6 /home/david/codeigniter-projects/CRUD01/system/CodeIgniter.php(326): CodeIgniter\CodeIgniter->handleRequest()
#7 /home/david/codeigniter-projects/CRUD01/public/index.php(37): CodeIgniter\CodeIgniter->run()
#8 /home/david/codeigniter-projects/CRUD01/system/Commands/Server/rewrite.php(43): require_once('/home/david/cod...')
#9 {main}
CRITICAL - 2022-03-10 13:33:04 --> Undefined variable: proveedor
#0 /home/david/codeigniter-projects/CRUD01/app/Views/proveedor/editar.php(33): CodeIgniter\Debug\Exceptions->errorHandler()
#1 /home/david/codeigniter-projects/CRUD01/system/View/View.php(210): include('/home/david/cod...')
#2 /home/david/codeigniter-projects/CRUD01/system/View/View.php(213): CodeIgniter\View\View->CodeIgniter\View\{closure}()
#3 /home/david/codeigniter-projects/CRUD01/system/Common.php(1089): CodeIgniter\View\View->render()
#4 /home/david/codeigniter-projects/CRUD01/app/Controllers/ProveedorController.php(91): view()
#5 /home/david/codeigniter-projects/CRUD01/system/CodeIgniter.php(832): App\Controllers\ProveedorController->actualizar()
#6 /home/david/codeigniter-projects/CRUD01/system/CodeIgniter.php(419): CodeIgniter\CodeIgniter->runController()
#7 /home/david/codeigniter-projects/CRUD01/system/CodeIgniter.php(326): CodeIgniter\CodeIgniter->handleRequest()
#8 /home/david/codeigniter-projects/CRUD01/public/index.php(37): CodeIgniter\CodeIgniter->run()
#9 /home/david/codeigniter-projects/CRUD01/system/Commands/Server/rewrite.php(43): require_once('/home/david/cod...')
#10 {main}
CRITICAL - 2022-03-10 13:33:35 --> Undefined variable: proveedor
#0 /home/david/codeigniter-projects/CRUD01/app/Views/proveedor/editar.php(33): CodeIgniter\Debug\Exceptions->errorHandler()
#1 /home/david/codeigniter-projects/CRUD01/system/View/View.php(210): include('/home/david/cod...')
#2 /home/david/codeigniter-projects/CRUD01/system/View/View.php(213): CodeIgniter\View\View->CodeIgniter\View\{closure}()
#3 /home/david/codeigniter-projects/CRUD01/system/Common.php(1089): CodeIgniter\View\View->render()
#4 /home/david/codeigniter-projects/CRUD01/app/Controllers/ProveedorController.php(91): view()
#5 /home/david/codeigniter-projects/CRUD01/system/CodeIgniter.php(832): App\Controllers\ProveedorController->actualizar()
#6 /home/david/codeigniter-projects/CRUD01/system/CodeIgniter.php(419): CodeIgniter\CodeIgniter->runController()
#7 /home/david/codeigniter-projects/CRUD01/system/CodeIgniter.php(326): CodeIgniter\CodeIgniter->handleRequest()
#8 /home/david/codeigniter-projects/CRUD01/public/index.php(37): CodeIgniter\CodeIgniter->run()
#9 /home/david/codeigniter-projects/CRUD01/system/Commands/Server/rewrite.php(43): require_once('/home/david/cod...')
#10 {main}
CRITICAL - 2022-03-10 13:39:05 --> syntax error, unexpected 'endif' (T_ENDIF), expecting end of file
#0 /home/david/codeigniter-projects/CRUD01/system/View/View.php(213): CodeIgniter\View\View->CodeIgniter\View\{closure}()
#1 /home/david/codeigniter-projects/CRUD01/system/Common.php(1089): CodeIgniter\View\View->render()
#2 /home/david/codeigniter-projects/CRUD01/app/Controllers/ProveedorController.php(27): view()
#3 /home/david/codeigniter-projects/CRUD01/system/CodeIgniter.php(832): App\Controllers\ProveedorController->registrar()
#4 /home/david/codeigniter-projects/CRUD01/system/CodeIgniter.php(419): CodeIgniter\CodeIgniter->runController()
#5 /home/david/codeigniter-projects/CRUD01/system/CodeIgniter.php(326): CodeIgniter\CodeIgniter->handleRequest()
#6 /home/david/codeigniter-projects/CRUD01/public/index.php(37): CodeIgniter\CodeIgniter->run()
#7 /home/david/codeigniter-projects/CRUD01/system/Commands/Server/rewrite.php(43): require_once('/home/david/cod...')
#8 {main}
CRITICAL - 2022-03-10 13:39:24 --> syntax error, unexpected 'endif' (T_ENDIF), expecting end of file
#0 /home/david/codeigniter-projects/CRUD01/system/View/View.php(213): CodeIgniter\View\View->CodeIgniter\View\{closure}()
#1 /home/david/codeigniter-projects/CRUD01/system/Common.php(1089): CodeIgniter\View\View->render()
#2 /home/david/codeigniter-projects/CRUD01/app/Controllers/ProveedorController.php(27): view()
#3 /home/david/codeigniter-projects/CRUD01/system/CodeIgniter.php(832): App\Controllers\ProveedorController->registrar()
#4 /home/david/codeigniter-projects/CRUD01/system/CodeIgniter.php(419): CodeIgniter\CodeIgniter->runController()
#5 /home/david/codeigniter-projects/CRUD01/system/CodeIgniter.php(326): CodeIgniter\CodeIgniter->handleRequest()
#6 /home/david/codeigniter-projects/CRUD01/public/index.php(37): CodeIgniter\CodeIgniter->run()
#7 /home/david/codeigniter-projects/CRUD01/system/Commands/Server/rewrite.php(43): require_once('/home/david/cod...')
#8 {main}
CRITICAL - 2022-03-10 13:39:35 --> syntax error, unexpected ':'
#0 /home/david/codeigniter-projects/CRUD01/system/View/View.php(213): CodeIgniter\View\View->CodeIgniter\View\{closure}()
#1 /home/david/codeigniter-projects/CRUD01/system/Common.php(1089): CodeIgniter\View\View->render()
#2 /home/david/codeigniter-projects/CRUD01/app/Controllers/ProveedorController.php(27): view()
#3 /home/david/codeigniter-projects/CRUD01/system/CodeIgniter.php(832): App\Controllers\ProveedorController->registrar()
#4 /home/david/codeigniter-projects/CRUD01/system/CodeIgniter.php(419): CodeIgniter\CodeIgniter->runController()
#5 /home/david/codeigniter-projects/CRUD01/system/CodeIgniter.php(326): CodeIgniter\CodeIgniter->handleRequest()
#6 /home/david/codeigniter-projects/CRUD01/public/index.php(37): CodeIgniter\CodeIgniter->run()
#7 /home/david/codeigniter-projects/CRUD01/system/Commands/Server/rewrite.php(43): require_once('/home/david/cod...')
#8 {main}
CRITICAL - 2022-03-10 15:17:30 --> Invalid file: dashboard/dashboard.php
#0 /home/david/codeigniter-projects/CRUD02-Erick/system/View/View.php(198): CodeIgniter\Exceptions\FrameworkException::forInvalidFile()
#1 /home/david/codeigniter-projects/CRUD02-Erick/system/Common.php(1089): CodeIgniter\View\View->render()
#2 /home/david/codeigniter-projects/CRUD02-Erick/app/Controllers/Home.php(9): view()
#3 /home/david/codeigniter-projects/CRUD02-Erick/system/CodeIgniter.php(832): App\Controllers\Home->dashboard()
#4 /home/david/codeigniter-projects/CRUD02-Erick/system/CodeIgniter.php(419): CodeIgniter\CodeIgniter->runController()
#5 /home/david/codeigniter-projects/CRUD02-Erick/system/CodeIgniter.php(326): CodeIgniter\CodeIgniter->handleRequest()
#6 /home/david/codeigniter-projects/CRUD02-Erick/public/index.php(37): CodeIgniter\CodeIgniter->run()
#7 /home/david/codeigniter-projects/CRUD02-Erick/system/Commands/Server/rewrite.php(43): require_once('/home/david/cod...')
#8 {main}
CRITICAL - 2022-03-10 15:21:10 --> syntax error, unexpected 'public' (T_PUBLIC)
#0 /home/david/codeigniter-projects/CRUD02-Erick/system/Autoloader/Autoloader.php(241): CodeIgniter\Autoloader\Autoloader->includeFile()
#1 /home/david/codeigniter-projects/CRUD02-Erick/system/Autoloader/Autoloader.php(219): CodeIgniter\Autoloader\Autoloader->loadInNamespace()
#2 [internal function]: CodeIgniter\Autoloader\Autoloader->loadClass()
#3 [internal function]: spl_autoload_call()
#4 /home/david/codeigniter-projects/CRUD02-Erick/system/CodeIgniter.php(797): class_exists()
#5 /home/david/codeigniter-projects/CRUD02-Erick/system/CodeIgniter.php(406): CodeIgniter\CodeIgniter->startController()
#6 /home/david/codeigniter-projects/CRUD02-Erick/system/CodeIgniter.php(326): CodeIgniter\CodeIgniter->handleRequest()
#7 /home/david/codeigniter-projects/CRUD02-Erick/public/index.php(37): CodeIgniter\CodeIgniter->run()
#8 /home/david/codeigniter-projects/CRUD02-Erick/system/Commands/Server/rewrite.php(43): require_once('/home/david/cod...')
#9 {main}
CRITICAL - 2022-03-10 15:21:13 --> syntax error, unexpected 'public' (T_PUBLIC)
#0 /home/david/codeigniter-projects/CRUD02-Erick/system/Autoloader/Autoloader.php(241): CodeIgniter\Autoloader\Autoloader->includeFile()
#1 /home/david/codeigniter-projects/CRUD02-Erick/system/Autoloader/Autoloader.php(219): CodeIgniter\Autoloader\Autoloader->loadInNamespace()
#2 [internal function]: CodeIgniter\Autoloader\Autoloader->loadClass()
#3 [internal function]: spl_autoload_call()
#4 /home/david/codeigniter-projects/CRUD02-Erick/system/CodeIgniter.php(797): class_exists()
#5 /home/david/codeigniter-projects/CRUD02-Erick/system/CodeIgniter.php(406): CodeIgniter\CodeIgniter->startController()
#6 /home/david/codeigniter-projects/CRUD02-Erick/system/CodeIgniter.php(326): CodeIgniter\CodeIgniter->handleRequest()
#7 /home/david/codeigniter-projects/CRUD02-Erick/public/index.php(37): CodeIgniter\CodeIgniter->run()
#8 /home/david/codeigniter-projects/CRUD02-Erick/system/Commands/Server/rewrite.php(43): require_once('/home/david/cod...')
#9 {main}
CRITICAL - 2022-03-10 15:29:12 --> syntax error, unexpected 'public' (T_PUBLIC)
#0 /home/david/codeigniter-projects/CRUD02-Erick/system/Autoloader/Autoloader.php(241): CodeIgniter\Autoloader\Autoloader->includeFile()
#1 /home/david/codeigniter-projects/CRUD02-Erick/system/Autoloader/Autoloader.php(219): CodeIgniter\Autoloader\Autoloader->loadInNamespace()
#2 [internal function]: CodeIgniter\Autoloader\Autoloader->loadClass()
#3 [internal function]: spl_autoload_call()
#4 /home/david/codeigniter-projects/CRUD02-Erick/system/CodeIgniter.php(797): class_exists()
#5 /home/david/codeigniter-projects/CRUD02-Erick/system/CodeIgniter.php(406): CodeIgniter\CodeIgniter->startController()
#6 /home/david/codeigniter-projects/CRUD02-Erick/system/CodeIgniter.php(326): CodeIgniter\CodeIgniter->handleRequest()
#7 /home/david/codeigniter-projects/CRUD02-Erick/public/index.php(37): CodeIgniter\CodeIgniter->run()
#8 /home/david/codeigniter-projects/CRUD02-Erick/system/Commands/Server/rewrite.php(43): require_once('/home/david/cod...')
#9 {main}
CRITICAL - 2022-03-10 15:29:47 --> syntax error, unexpected 'public' (T_PUBLIC)
#0 /home/david/codeigniter-projects/CRUD02-Erick/system/Autoloader/Autoloader.php(241): CodeIgniter\Autoloader\Autoloader->includeFile()
#1 /home/david/codeigniter-projects/CRUD02-Erick/system/Autoloader/Autoloader.php(219): CodeIgniter\Autoloader\Autoloader->loadInNamespace()
#2 [internal function]: CodeIgniter\Autoloader\Autoloader->loadClass()
#3 [internal function]: spl_autoload_call()
#4 /home/david/codeigniter-projects/CRUD02-Erick/system/CodeIgniter.php(797): class_exists()
#5 /home/david/codeigniter-projects/CRUD02-Erick/system/CodeIgniter.php(406): CodeIgniter\CodeIgniter->startController()
#6 /home/david/codeigniter-projects/CRUD02-Erick/system/CodeIgniter.php(326): CodeIgniter\CodeIgniter->handleRequest()
#7 /home/david/codeigniter-projects/CRUD02-Erick/public/index.php(37): CodeIgniter\CodeIgniter->run()
#8 /home/david/codeigniter-projects/CRUD02-Erick/system/Commands/Server/rewrite.php(43): require_once('/home/david/cod...')
#9 {main}
CRITICAL - 2022-03-10 15:30:45 --> syntax error, unexpected 'public' (T_PUBLIC)
#0 /home/david/codeigniter-projects/CRUD02-Erick/system/Autoloader/Autoloader.php(241): CodeIgniter\Autoloader\Autoloader->includeFile()
#1 /home/david/codeigniter-projects/CRUD02-Erick/system/Autoloader/Autoloader.php(219): CodeIgniter\Autoloader\Autoloader->loadInNamespace()
#2 [internal function]: CodeIgniter\Autoloader\Autoloader->loadClass()
#3 [internal function]: spl_autoload_call()
#4 /home/david/codeigniter-projects/CRUD02-Erick/system/CodeIgniter.php(797): class_exists()
#5 /home/david/codeigniter-projects/CRUD02-Erick/system/CodeIgniter.php(406): CodeIgniter\CodeIgniter->startController()
#6 /home/david/codeigniter-projects/CRUD02-Erick/system/CodeIgniter.php(326): CodeIgniter\CodeIgniter->handleRequest()
#7 /home/david/codeigniter-projects/CRUD02-Erick/public/index.php(37): CodeIgniter\CodeIgniter->run()
#8 /home/david/codeigniter-projects/CRUD02-Erick/system/Commands/Server/rewrite.php(43): require_once('/home/david/cod...')
#9 {main}
CRITICAL - 2022-03-10 15:32:04 --> syntax error, unexpected 'public' (T_PUBLIC)
#0 /home/david/codeigniter-projects/CRUD02-Erick/system/Autoloader/Autoloader.php(241): CodeIgniter\Autoloader\Autoloader->includeFile()
#1 /home/david/codeigniter-projects/CRUD02-Erick/system/Autoloader/Autoloader.php(219): CodeIgniter\Autoloader\Autoloader->loadInNamespace()
#2 [internal function]: CodeIgniter\Autoloader\Autoloader->loadClass()
#3 [internal function]: spl_autoload_call()
#4 /home/david/codeigniter-projects/CRUD02-Erick/system/CodeIgniter.php(797): class_exists()
#5 /home/david/codeigniter-projects/CRUD02-Erick/system/CodeIgniter.php(406): CodeIgniter\CodeIgniter->startController()
#6 /home/david/codeigniter-projects/CRUD02-Erick/system/CodeIgniter.php(326): CodeIgniter\CodeIgniter->handleRequest()
#7 /home/david/codeigniter-projects/CRUD02-Erick/public/index.php(37): CodeIgniter\CodeIgniter->run()
#8 /home/david/codeigniter-projects/CRUD02-Erick/system/Commands/Server/rewrite.php(43): require_once('/home/david/cod...')
#9 {main}
CRITICAL - 2022-03-10 15:34:11 --> Undefined variable: clientes
#0 /home/david/codeigniter-projects/CRUD02-Erick/app/Controllers/Cliente.php(19): CodeIgniter\Debug\Exceptions->errorHandler()
#1 /home/david/codeigniter-projects/CRUD02-Erick/system/CodeIgniter.php(832): App\Controllers\Cliente->listarClientes()
#2 /home/david/codeigniter-projects/CRUD02-Erick/system/CodeIgniter.php(419): CodeIgniter\CodeIgniter->runController()
#3 /home/david/codeigniter-projects/CRUD02-Erick/system/CodeIgniter.php(326): CodeIgniter\CodeIgniter->handleRequest()
#4 /home/david/codeigniter-projects/CRUD02-Erick/public/index.php(37): CodeIgniter\CodeIgniter->run()
#5 /home/david/codeigniter-projects/CRUD02-Erick/system/Commands/Server/rewrite.php(43): require_once('/home/david/cod...')
#6 {main}
CRITICAL - 2022-03-10 15:36:27 --> Undefined variable: clientes
#0 /home/david/codeigniter-projects/CRUD02-Erick/app/Controllers/Cliente.php(19): CodeIgniter\Debug\Exceptions->errorHandler()
#1 /home/david/codeigniter-projects/CRUD02-Erick/system/CodeIgniter.php(832): App\Controllers\Cliente->listarClientes()
#2 /home/david/codeigniter-projects/CRUD02-Erick/system/CodeIgniter.php(419): CodeIgniter\CodeIgniter->runController()
#3 /home/david/codeigniter-projects/CRUD02-Erick/system/CodeIgniter.php(326): CodeIgniter\CodeIgniter->handleRequest()
#4 /home/david/codeigniter-projects/CRUD02-Erick/public/index.php(37): CodeIgniter\CodeIgniter->run()
#5 /home/david/codeigniter-projects/CRUD02-Erick/system/Commands/Server/rewrite.php(43): require_once('/home/david/cod...')
#6 {main}
CRITICAL - 2022-03-10 15:37:39 --> Invalid file: App\Views\layout\paginador.php
#0 /home/david/codeigniter-projects/CRUD02-Erick/system/View/View.php(198): CodeIgniter\Exceptions\FrameworkException::forInvalidFile()
#1 /home/david/codeigniter-projects/CRUD02-Erick/system/Pager/Pager.php(125): CodeIgniter\View\View->render()
#2 /home/david/codeigniter-projects/CRUD02-Erick/system/Pager/Pager.php(83): CodeIgniter\Pager\Pager->displayLinks()
#3 /home/david/codeigniter-projects/CRUD02-Erick/app/Views/cliente/listarClientes.php(81): CodeIgniter\Pager\Pager->links()
#4 /home/david/codeigniter-projects/CRUD02-Erick/system/View/View.php(210): include('/home/david/cod...')
#5 /home/david/codeigniter-projects/CRUD02-Erick/system/View/View.php(213): CodeIgniter\View\View->CodeIgniter\View\{closure}()
#6 /home/david/codeigniter-projects/CRUD02-Erick/system/Common.php(1089): CodeIgniter\View\View->render()
#7 /home/david/codeigniter-projects/CRUD02-Erick/app/Controllers/Cliente.php(19): view()
#8 /home/david/codeigniter-projects/CRUD02-Erick/system/CodeIgniter.php(832): App\Controllers\Cliente->listarClientes()
#9 /home/david/codeigniter-projects/CRUD02-Erick/system/CodeIgniter.php(419): CodeIgniter\CodeIgniter->runController()
#10 /home/david/codeigniter-projects/CRUD02-Erick/system/CodeIgniter.php(326): CodeIgniter\CodeIgniter->handleRequest()
#11 /home/david/codeigniter-projects/CRUD02-Erick/public/index.php(37): CodeIgniter\CodeIgniter->run()
#12 /home/david/codeigniter-projects/CRUD02-Erick/system/Commands/Server/rewrite.php(43): require_once('/home/david/cod...')
#13 {main}
CRITICAL - 2022-03-10 15:38:36 --> Invalid file: App\Views\layout\paginador.php
#0 /home/david/codeigniter-projects/CRUD02-Erick/system/View/View.php(198): CodeIgniter\Exceptions\FrameworkException::forInvalidFile()
#1 /home/david/codeigniter-projects/CRUD02-Erick/system/Pager/Pager.php(125): CodeIgniter\View\View->render()
#2 /home/david/codeigniter-projects/CRUD02-Erick/system/Pager/Pager.php(83): CodeIgniter\Pager\Pager->displayLinks()
#3 /home/david/codeigniter-projects/CRUD02-Erick/app/Views/cliente/listarClientes.php(81): CodeIgniter\Pager\Pager->links()
#4 /home/david/codeigniter-projects/CRUD02-Erick/system/View/View.php(210): include('/home/david/cod...')
#5 /home/david/codeigniter-projects/CRUD02-Erick/system/View/View.php(213): CodeIgniter\View\View->CodeIgniter\View\{closure}()
#6 /home/david/codeigniter-projects/CRUD02-Erick/system/Common.php(1089): CodeIgniter\View\View->render()
#7 /home/david/codeigniter-projects/CRUD02-Erick/app/Controllers/Cliente.php(19): view()
#8 /home/david/codeigniter-projects/CRUD02-Erick/system/CodeIgniter.php(832): App\Controllers\Cliente->listarClientes()
#9 /home/david/codeigniter-projects/CRUD02-Erick/system/CodeIgniter.php(419): CodeIgniter\CodeIgniter->runController()
#10 /home/david/codeigniter-projects/CRUD02-Erick/system/CodeIgniter.php(326): CodeIgniter\CodeIgniter->handleRequest()
#11 /home/david/codeigniter-projects/CRUD02-Erick/public/index.php(37): CodeIgniter\CodeIgniter->run()
#12 /home/david/codeigniter-projects/CRUD02-Erick/system/Commands/Server/rewrite.php(43): require_once('/home/david/cod...')
#13 {main}
CRITICAL - 2022-03-10 15:38:42 --> Invalid file: App\Views\layout\paginador.php
#0 /home/david/codeigniter-projects/CRUD02-Erick/system/View/View.php(198): CodeIgniter\Exceptions\FrameworkException::forInvalidFile()
#1 /home/david/codeigniter-projects/CRUD02-Erick/system/Pager/Pager.php(125): CodeIgniter\View\View->render()
#2 /home/david/codeigniter-projects/CRUD02-Erick/system/Pager/Pager.php(83): CodeIgniter\Pager\Pager->displayLinks()
#3 /home/david/codeigniter-projects/CRUD02-Erick/app/Views/cliente/listarClientes.php(81): CodeIgniter\Pager\Pager->links()
#4 /home/david/codeigniter-projects/CRUD02-Erick/system/View/View.php(210): include('/home/david/cod...')
#5 /home/david/codeigniter-projects/CRUD02-Erick/system/View/View.php(213): CodeIgniter\View\View->CodeIgniter\View\{closure}()
#6 /home/david/codeigniter-projects/CRUD02-Erick/system/Common.php(1089): CodeIgniter\View\View->render()
#7 /home/david/codeigniter-projects/CRUD02-Erick/app/Controllers/Cliente.php(19): view()
#8 /home/david/codeigniter-projects/CRUD02-Erick/system/CodeIgniter.php(832): App\Controllers\Cliente->listarClientes()
#9 /home/david/codeigniter-projects/CRUD02-Erick/system/CodeIgniter.php(419): CodeIgniter\CodeIgniter->runController()
#10 /home/david/codeigniter-projects/CRUD02-Erick/system/CodeIgniter.php(326): CodeIgniter\CodeIgniter->handleRequest()
#11 /home/david/codeigniter-projects/CRUD02-Erick/public/index.php(37): CodeIgniter\CodeIgniter->run()
#12 /home/david/codeigniter-projects/CRUD02-Erick/system/Commands/Server/rewrite.php(43): require_once('/home/david/cod...')
#13 {main}
CRITICAL - 2022-03-10 15:40:21 --> Invalid file: App\Views\layout\paginador.php
#0 /home/david/codeigniter-projects/CRUD02-Erick/system/View/View.php(198): CodeIgniter\Exceptions\FrameworkException::forInvalidFile()
#1 /home/david/codeigniter-projects/CRUD02-Erick/system/Pager/Pager.php(125): CodeIgniter\View\View->render()
#2 /home/david/codeigniter-projects/CRUD02-Erick/system/Pager/Pager.php(83): CodeIgniter\Pager\Pager->displayLinks()
#3 /home/david/codeigniter-projects/CRUD02-Erick/app/Views/cliente/listarClientes.php(81): CodeIgniter\Pager\Pager->links()
#4 /home/david/codeigniter-projects/CRUD02-Erick/system/View/View.php(210): include('/home/david/cod...')
#5 /home/david/codeigniter-projects/CRUD02-Erick/system/View/View.php(213): CodeIgniter\View\View->CodeIgniter\View\{closure}()
#6 /home/david/codeigniter-projects/CRUD02-Erick/system/Common.php(1089): CodeIgniter\View\View->render()
#7 /home/david/codeigniter-projects/CRUD02-Erick/app/Controllers/Cliente.php(19): view()
#8 /home/david/codeigniter-projects/CRUD02-Erick/system/CodeIgniter.php(832): App\Controllers\Cliente->listarClientes()
#9 /home/david/codeigniter-projects/CRUD02-Erick/system/CodeIgniter.php(419): CodeIgniter\CodeIgniter->runController()
#10 /home/david/codeigniter-projects/CRUD02-Erick/system/CodeIgniter.php(326): CodeIgniter\CodeIgniter->handleRequest()
#11 /home/david/codeigniter-projects/CRUD02-Erick/public/index.php(37): CodeIgniter\CodeIgniter->run()
#12 /home/david/codeigniter-projects/CRUD02-Erick/system/Commands/Server/rewrite.php(43): require_once('/home/david/cod...')
#13 {main}
CRITICAL - 2022-03-10 15:41:49 --> Invalid file: App\Views\layout\paginador.php
#0 /home/david/codeigniter-projects/CRUD02-Erick/system/View/View.php(198): CodeIgniter\Exceptions\FrameworkException::forInvalidFile()
#1 /home/david/codeigniter-projects/CRUD02-Erick/system/Pager/Pager.php(125): CodeIgniter\View\View->render()
#2 /home/david/codeigniter-projects/CRUD02-Erick/system/Pager/Pager.php(83): CodeIgniter\Pager\Pager->displayLinks()
#3 /home/david/codeigniter-projects/CRUD02-Erick/app/Views/cliente/listarClientes.php(81): CodeIgniter\Pager\Pager->links()
#4 /home/david/codeigniter-projects/CRUD02-Erick/system/View/View.php(210): include('/home/david/cod...')
#5 /home/david/codeigniter-projects/CRUD02-Erick/system/View/View.php(213): CodeIgniter\View\View->CodeIgniter\View\{closure}()
#6 /home/david/codeigniter-projects/CRUD02-Erick/system/Common.php(1089): CodeIgniter\View\View->render()
#7 /home/david/codeigniter-projects/CRUD02-Erick/app/Controllers/Cliente.php(19): view()
#8 /home/david/codeigniter-projects/CRUD02-Erick/system/CodeIgniter.php(832): App\Controllers\Cliente->listarClientes()
#9 /home/david/codeigniter-projects/CRUD02-Erick/system/CodeIgniter.php(419): CodeIgniter\CodeIgniter->runController()
#10 /home/david/codeigniter-projects/CRUD02-Erick/system/CodeIgniter.php(326): CodeIgniter\CodeIgniter->handleRequest()
#11 /home/david/codeigniter-projects/CRUD02-Erick/public/index.php(37): CodeIgniter\CodeIgniter->run()
#12 /home/david/codeigniter-projects/CRUD02-Erick/system/Commands/Server/rewrite.php(43): require_once('/home/david/cod...')
#13 {main}
ERROR - 2022-03-10 16:02:02 --> Unknown column 'nombre' in 'where clause'
CRITICAL - 2022-03-10 16:02:02 --> Unknown column 'nombre' in 'where clause'
#0 /home/david/codeigniter-projects/CRUD02-Erick/system/Database/MySQLi/Connection.php(292): mysqli->query()
#1 /home/david/codeigniter-projects/CRUD02-Erick/system/Database/BaseConnection.php(670): CodeIgniter\Database\MySQLi\Connection->execute()
#2 /home/david/codeigniter-projects/CRUD02-Erick/system/Database/BaseConnection.php(598): CodeIgniter\Database\BaseConnection->simpleQuery()
#3 /home/david/codeigniter-projects/CRUD02-Erick/system/Database/BaseBuilder.php(1539): CodeIgniter\Database\BaseConnection->query()
#4 /home/david/codeigniter-projects/CRUD02-Erick/system/Model.php(509): CodeIgniter\Database\BaseBuilder->countAllResults()
#5 /home/david/codeigniter-projects/CRUD02-Erick/system/BaseModel.php(1084): CodeIgniter\Model->countAllResults()
#6 /home/david/codeigniter-projects/CRUD02-Erick/app/Controllers/Cliente.php(17): CodeIgniter\BaseModel->paginate()
#7 /home/david/codeigniter-projects/CRUD02-Erick/system/CodeIgniter.php(832): App\Controllers\Cliente->listarClientes()
#8 /home/david/codeigniter-projects/CRUD02-Erick/system/CodeIgniter.php(419): CodeIgniter\CodeIgniter->runController()
#9 /home/david/codeigniter-projects/CRUD02-Erick/system/CodeIgniter.php(326): CodeIgniter\CodeIgniter->handleRequest()
#10 /home/david/codeigniter-projects/CRUD02-Erick/public/index.php(37): CodeIgniter\CodeIgniter->run()
#11 /home/david/codeigniter-projects/CRUD02-Erick/system/Commands/Server/rewrite.php(43): require_once('/home/david/cod...')
#12 {main}
CRITICAL - 2022-03-10 16:02:48 --> Invalid file: App\Views\layout\paginador.php
#0 /home/david/codeigniter-projects/CRUD02-Erick/system/View/View.php(198): CodeIgniter\Exceptions\FrameworkException::forInvalidFile()
#1 /home/david/codeigniter-projects/CRUD02-Erick/system/Pager/Pager.php(125): CodeIgniter\View\View->render()
#2 /home/david/codeigniter-projects/CRUD02-Erick/system/Pager/Pager.php(83): CodeIgniter\Pager\Pager->displayLinks()
#3 /home/david/codeigniter-projects/CRUD02-Erick/app/Views/cliente/listarClientes.php(82): CodeIgniter\Pager\Pager->links()
#4 /home/david/codeigniter-projects/CRUD02-Erick/system/View/View.php(210): include('/home/david/cod...')
#5 /home/david/codeigniter-projects/CRUD02-Erick/system/View/View.php(213): CodeIgniter\View\View->CodeIgniter\View\{closure}()
#6 /home/david/codeigniter-projects/CRUD02-Erick/system/Common.php(1089): CodeIgniter\View\View->render()
#7 /home/david/codeigniter-projects/CRUD02-Erick/app/Controllers/Cliente.php(19): view()
#8 /home/david/codeigniter-projects/CRUD02-Erick/system/CodeIgniter.php(832): App\Controllers\Cliente->listarClientes()
#9 /home/david/codeigniter-projects/CRUD02-Erick/system/CodeIgniter.php(419): CodeIgniter\CodeIgniter->runController()
#10 /home/david/codeigniter-projects/CRUD02-Erick/system/CodeIgniter.php(326): CodeIgniter\CodeIgniter->handleRequest()
#11 /home/david/codeigniter-projects/CRUD02-Erick/public/index.php(37): CodeIgniter\CodeIgniter->run()
#12 /home/david/codeigniter-projects/CRUD02-Erick/system/Commands/Server/rewrite.php(43): require_once('/home/david/cod...')
#13 {main}
ERROR - 2022-03-10 16:04:29 --> Unknown column 'nombre' in 'where clause'
CRITICAL - 2022-03-10 16:04:29 --> Unknown column 'nombre' in 'where clause'
#0 /home/david/codeigniter-projects/CRUD02-Erick/system/Database/MySQLi/Connection.php(292): mysqli->query()
#1 /home/david/codeigniter-projects/CRUD02-Erick/system/Database/BaseConnection.php(670): CodeIgniter\Database\MySQLi\Connection->execute()
#2 /home/david/codeigniter-projects/CRUD02-Erick/system/Database/BaseConnection.php(598): CodeIgniter\Database\BaseConnection->simpleQuery()
#3 /home/david/codeigniter-projects/CRUD02-Erick/system/Database/BaseBuilder.php(1539): CodeIgniter\Database\BaseConnection->query()
#4 /home/david/codeigniter-projects/CRUD02-Erick/system/Model.php(509): CodeIgniter\Database\BaseBuilder->countAllResults()
#5 /home/david/codeigniter-projects/CRUD02-Erick/system/BaseModel.php(1084): CodeIgniter\Model->countAllResults()
#6 /home/david/codeigniter-projects/CRUD02-Erick/app/Controllers/Cliente.php(17): CodeIgniter\BaseModel->paginate()
#7 /home/david/codeigniter-projects/CRUD02-Erick/system/CodeIgniter.php(832): App\Controllers\Cliente->listarClientes()
#8 /home/david/codeigniter-projects/CRUD02-Erick/system/CodeIgniter.php(419): CodeIgniter\CodeIgniter->runController()
#9 /home/david/codeigniter-projects/CRUD02-Erick/system/CodeIgniter.php(326): CodeIgniter\CodeIgniter->handleRequest()
#10 /home/david/codeigniter-projects/CRUD02-Erick/public/index.php(37): CodeIgniter\CodeIgniter->run()
#11 /home/david/codeigniter-projects/CRUD02-Erick/system/Commands/Server/rewrite.php(43): require_once('/home/david/cod...')
#12 {main}
ERROR - 2022-03-10 18:14:52 --> Error connecting to the database: No se puede establecer una conexión ya que el equipo de destino denegó expresamente dicha conexión.

CRITICAL - 2022-03-10 18:14:52 --> Unable to connect to the database.
Main connection [MySQLi]: No se puede establecer una conexión ya que el equipo de destino denegó expresamente dicha conexión.

#0 C:\Users\emald\Downloads\ERICK\CRUD02-Erick\system\Database\BaseConnection.php(577): CodeIgniter\Database\BaseConnection->initialize()
#1 C:\Users\emald\Downloads\ERICK\CRUD02-Erick\system\Database\BaseBuilder.php(1771): CodeIgniter\Database\BaseConnection->query('INSERT INTO `cl...', Array, false)
#2 C:\Users\emald\Downloads\ERICK\CRUD02-Erick\system\Model.php(239): CodeIgniter\Database\BaseBuilder->insert()
#3 C:\Users\emald\Downloads\ERICK\CRUD02-Erick\system\BaseModel.php(738): CodeIgniter\Model->doInsert(Array)
#4 C:\Users\emald\Downloads\ERICK\CRUD02-Erick\system\Model.php(625): CodeIgniter\BaseModel->insert(Array, true)
#5 C:\Users\emald\Downloads\ERICK\CRUD02-Erick\app\Controllers\Cliente.php(43): CodeIgniter\Model->insert(Array)
#6 C:\Users\emald\Downloads\ERICK\CRUD02-Erick\system\CodeIgniter.php(832): App\Controllers\Cliente->registrarCliente()
#7 C:\Users\emald\Downloads\ERICK\CRUD02-Erick\system\CodeIgniter.php(419): CodeIgniter\CodeIgniter->runController(Object(App\Controllers\Cliente))
#8 C:\Users\emald\Downloads\ERICK\CRUD02-Erick\system\CodeIgniter.php(326): CodeIgniter\CodeIgniter->handleRequest(NULL, Object(Config\Cache), false)
#9 C:\Users\emald\Downloads\ERICK\CRUD02-Erick\public\index.php(37): CodeIgniter\CodeIgniter->run()
#10 C:\Users\emald\Downloads\ERICK\CRUD02-Erick\system\Commands\Server\rewrite.php(43): require_once('C:\\Users\\emald\\...')
#11 {main}
ERROR - 2022-03-10 18:15:31 --> Error connecting to the database: No se puede establecer una conexión ya que el equipo de destino denegó expresamente dicha conexión.

CRITICAL - 2022-03-10 18:15:31 --> Unable to connect to the database.
Main connection [MySQLi]: No se puede establecer una conexión ya que el equipo de destino denegó expresamente dicha conexión.

#0 C:\Users\emald\Downloads\ERICK\CRUD02-Erick\system\Database\BaseConnection.php(577): CodeIgniter\Database\BaseConnection->initialize()
#1 C:\Users\emald\Downloads\ERICK\CRUD02-Erick\system\Database\BaseBuilder.php(1771): CodeIgniter\Database\BaseConnection->query('INSERT INTO `cl...', Array, false)
#2 C:\Users\emald\Downloads\ERICK\CRUD02-Erick\system\Model.php(239): CodeIgniter\Database\BaseBuilder->insert()
#3 C:\Users\emald\Downloads\ERICK\CRUD02-Erick\system\BaseModel.php(738): CodeIgniter\Model->doInsert(Array)
#4 C:\Users\emald\Downloads\ERICK\CRUD02-Erick\system\Model.php(625): CodeIgniter\BaseModel->insert(Array, true)
#5 C:\Users\emald\Downloads\ERICK\CRUD02-Erick\app\Controllers\Cliente.php(43): CodeIgniter\Model->insert(Array)
#6 C:\Users\emald\Downloads\ERICK\CRUD02-Erick\system\CodeIgniter.php(832): App\Controllers\Cliente->registrarCliente()
#7 C:\Users\emald\Downloads\ERICK\CRUD02-Erick\system\CodeIgniter.php(419): CodeIgniter\CodeIgniter->runController(Object(App\Controllers\Cliente))
#8 C:\Users\emald\Downloads\ERICK\CRUD02-Erick\system\CodeIgniter.php(326): CodeIgniter\CodeIgniter->handleRequest(NULL, Object(Config\Cache), false)
#9 C:\Users\emald\Downloads\ERICK\CRUD02-Erick\public\index.php(37): CodeIgniter\CodeIgniter->run()
#10 C:\Users\emald\Downloads\ERICK\CRUD02-Erick\system\Commands\Server\rewrite.php(43): require_once('C:\\Users\\emald\\...')
#11 {main}
ERROR - 2022-03-10 18:16:24 --> Error connecting to the database: No se puede establecer una conexión ya que el equipo de destino denegó expresamente dicha conexión.

CRITICAL - 2022-03-10 18:16:24 --> Unable to connect to the database.
Main connection [MySQLi]: No se puede establecer una conexión ya que el equipo de destino denegó expresamente dicha conexión.

#0 C:\Users\emald\Downloads\ERICK\CRUD02-Erick\system\Database\BaseConnection.php(577): CodeIgniter\Database\BaseConnection->initialize()
#1 C:\Users\emald\Downloads\ERICK\CRUD02-Erick\system\Database\BaseBuilder.php(1771): CodeIgniter\Database\BaseConnection->query('INSERT INTO `cl...', Array, false)
#2 C:\Users\emald\Downloads\ERICK\CRUD02-Erick\system\Model.php(239): CodeIgniter\Database\BaseBuilder->insert()
#3 C:\Users\emald\Downloads\ERICK\CRUD02-Erick\system\BaseModel.php(738): CodeIgniter\Model->doInsert(Array)
#4 C:\Users\emald\Downloads\ERICK\CRUD02-Erick\system\Model.php(625): CodeIgniter\BaseModel->insert(Array, true)
#5 C:\Users\emald\Downloads\ERICK\CRUD02-Erick\app\Controllers\Cliente.php(43): CodeIgniter\Model->insert(Array)
#6 C:\Users\emald\Downloads\ERICK\CRUD02-Erick\system\CodeIgniter.php(832): App\Controllers\Cliente->registrarCliente()
#7 C:\Users\emald\Downloads\ERICK\CRUD02-Erick\system\CodeIgniter.php(419): CodeIgniter\CodeIgniter->runController(Object(App\Controllers\Cliente))
#8 C:\Users\emald\Downloads\ERICK\CRUD02-Erick\system\CodeIgniter.php(326): CodeIgniter\CodeIgniter->handleRequest(NULL, Object(Config\Cache), false)
#9 C:\Users\emald\Downloads\ERICK\CRUD02-Erick\public\index.php(37): CodeIgniter\CodeIgniter->run()
#10 C:\Users\emald\Downloads\ERICK\CRUD02-Erick\system\Commands\Server\rewrite.php(43): require_once('C:\\Users\\emald\\...')
#11 {main}
ERROR - 2022-03-10 18:16:47 --> Error connecting to the database: No se puede establecer una conexión ya que el equipo de destino denegó expresamente dicha conexión.

CRITICAL - 2022-03-10 18:16:47 --> Unable to connect to the database.
Main connection [MySQLi]: No se puede establecer una conexión ya que el equipo de destino denegó expresamente dicha conexión.

#0 C:\Users\emald\Downloads\ERICK\CRUD02-Erick\system\Database\BaseConnection.php(577): CodeIgniter\Database\BaseConnection->initialize()
#1 C:\Users\emald\Downloads\ERICK\CRUD02-Erick\system\Database\BaseBuilder.php(1771): CodeIgniter\Database\BaseConnection->query('INSERT INTO `cl...', Array, false)
#2 C:\Users\emald\Downloads\ERICK\CRUD02-Erick\system\Model.php(239): CodeIgniter\Database\BaseBuilder->insert()
#3 C:\Users\emald\Downloads\ERICK\CRUD02-Erick\system\BaseModel.php(738): CodeIgniter\Model->doInsert(Array)
#4 C:\Users\emald\Downloads\ERICK\CRUD02-Erick\system\Model.php(625): CodeIgniter\BaseModel->insert(Array, true)
#5 C:\Users\emald\Downloads\ERICK\CRUD02-Erick\app\Controllers\Cliente.php(43): CodeIgniter\Model->insert(Array)
#6 C:\Users\emald\Downloads\ERICK\CRUD02-Erick\system\CodeIgniter.php(832): App\Controllers\Cliente->registrarCliente()
#7 C:\Users\emald\Downloads\ERICK\CRUD02-Erick\system\CodeIgniter.php(419): CodeIgniter\CodeIgniter->runController(Object(App\Controllers\Cliente))
#8 C:\Users\emald\Downloads\ERICK\CRUD02-Erick\system\CodeIgniter.php(326): CodeIgniter\CodeIgniter->handleRequest(NULL, Object(Config\Cache), false)
#9 C:\Users\emald\Downloads\ERICK\CRUD02-Erick\public\index.php(37): CodeIgniter\CodeIgniter->run()
#10 C:\Users\emald\Downloads\ERICK\CRUD02-Erick\system\Commands\Server\rewrite.php(43): require_once('C:\\Users\\emald\\...')
#11 {main}
